<?xml version="1.0" encoding="UTF-8"?>
<!-- Generated by org.testng.reporters.JUnitReportReporter -->
<testsuite hostname="DESKTOP-3E2EL0O" failures="0" tests="2" name="Selenium_Practise_3.testCase3" time="9.053" errors="0" timestamp="2022-06-29T12:10:33 IST" skipped="0">
  <testcase classname="Selenium_Practise_3.testCase3" name="getsampleTestCase3" time="0.002"/>
  <system-out/>
  <testcase classname="Selenium_Practise_3.testCase3" name="getTestCase3" time="9.051"/>
  <system-out/>
</testsuite> <!-- Selenium_Practise_3.testCase3 -->
