<?xml version="1.0" encoding="UTF-8"?>
<!-- Generated by org.testng.reporters.JUnitReportReporter -->
<testsuite hostname="DESKTOP-3E2EL0O" failures="0" tests="4" name="Selenium_Practise_3.testCase4" time="44.632" errors="0" timestamp="2022-06-29T12:10:33 IST" skipped="0">
  <testcase classname="Selenium_Practise_3.testCase4" name="getfourthTestCase" time="0.008"/>
  <system-out/>
  <testcase classname="Selenium_Practise_3.testCase4" name="getTestCase5" time="44.619"/>
  <system-out/>
  <testcase classname="Selenium_Practise_3.testCase4" name="getfourthTestCase" time="0.002"/>
  <system-out/>
  <testcase classname="Selenium_Practise_3.testCase4" name="getfourthTestCase" time="0.003"/>
  <system-out/>
</testsuite> <!-- Selenium_Practise_3.testCase4 -->
