<?xml version="1.0" encoding="UTF-8"?>
<!-- Generated by org.testng.reporters.JUnitReportReporter -->
<testsuite hostname="DESKTOP-3E2EL0O" failures="0" tests="1" name="Selenium_Practise_3.testCase6" time="1.196" errors="0" timestamp="2022-06-29T12:10:33 IST" skipped="0">
  <testcase classname="Selenium_Practise_3.testCase6" name="getTestCase6" time="1.196"/>
  <system-out/>
</testsuite> <!-- Selenium_Practise_3.testCase6 -->
